<?xml version="1.0" encoding="UTF-8"?>
<!-- Generated by org.testng.reporters.JUnitXMLReporter -->
<testsuite hostname="DESKTOP-TKFIJM7" ignored="0" name="Test" tests="4" failures="0" timestamp="17 Jul 2020 15:03:43 GMT" time="118.309" errors="0">
  <testcase name="testRegistration" time="32.14" classname="com.automation.RegistrationTest"/>
  <testcase name="testLogin" time="25.729" classname="com.automation.LoginTest"/>
  <testcase name="testSearchBar" time="17.294" classname="com.automation.SearchBarTest"/>
  <testcase name="testAddToCart" time="43.112" classname="com.automation.AddToCartTest"/>
</testsuite> <!-- Test -->
