<?xml version="1.0" encoding="UTF-8"?>
<!-- Generated by org.testng.reporters.JUnitXMLReporter -->
<testsuite hostname="DESKTOP-TKFIJM7" ignored="0" name="Test" tests="4" failures="0" timestamp="18 Jul 2020 09:30:51 GMT" time="134.319" errors="0">
  <testcase name="testRegistration" time="37.086" classname="com.automation.RegistrationTest"/>
  <testcase name="testLogin" time="28.123" classname="com.automation.LoginTest"/>
  <testcase name="testSearchBar" time="20.935" classname="com.automation.SearchBarTest"/>
  <testcase name="testAddToCart" time="48.105" classname="com.automation.AddToCartTest"/>
</testsuite> <!-- Test -->
