<?xml version="1.0" encoding="UTF-8"?>
<testng-results skipped="0" failed="0" ignored="0" total="1" passed="1">
  <reporter-output>
  </reporter-output>
  <suite name="Default suite" duration-ms="29458" started-at="2020-07-18T09:59:50Z" finished-at="2020-07-18T10:00:19Z">
    <groups>
    </groups>
    <test name="Default test" duration-ms="29458" started-at="2020-07-18T09:59:50Z" finished-at="2020-07-18T10:00:19Z">
      <class name="com.automation.LoginTest">
        <test-method status="PASS" signature="testLogin()[pri:0, instance:com.automation.LoginTest@4c70fda8]" name="testLogin" duration-ms="29407" started-at="2020-07-18T09:59:50Z" finished-at="2020-07-18T10:00:19Z">
          <reporter-output>
          </reporter-output>
        </test-method> <!-- testLogin -->
      </class> <!-- com.automation.LoginTest -->
    </test> <!-- Default test -->
  </suite> <!-- Default suite -->
</testng-results>
